<?xml version="1.0" encoding="UTF-8"?>
<!-- Generated by org.testng.reporters.JUnitReportReporter -->
<testsuite hostname="LAP0002280" name="Somnath.kadam.RestAssuredSample" tests="2" failures="0" timestamp="19 Mar 2019 08:05:37 GMT" time="5.725" errors="0">
  <testcase name="TestResponseCode1" time="0.617" classname="Somnath.kadam.RestAssuredSample"/>
  <testcase name="TestResponseCode" time="5.108" classname="Somnath.kadam.RestAssuredSample"/>
</testsuite> <!-- Somnath.kadam.RestAssuredSample -->
