<?xml version="1.0" encoding="UTF-8"?>
<!-- Generated by org.testng.reporters.JUnitReportReporter -->
<testsuite skipped="0" hostname="LAP0002280" name="com.interbanking.testCases.TC_AddCustomerTest_003" tests="1" failures="0" timestamp="06 May 2019 13:06:43 GMT" time="24.090" errors="0">
  <testcase name="addNewCustomer" time="24.090" classname="com.interbanking.testCases.TC_AddCustomerTest_003"/>
</testsuite> <!-- com.interbanking.testCases.TC_AddCustomerTest_003 -->
