<?xml version="1.0" encoding="UTF-8"?>
<!-- Generated by org.testng.reporters.JUnitReportReporter -->
<testsuite hostname="LAP0002280" name="Somnath.kadam.RestSample" tests="2" failures="0" timestamp="16 Mar 2019 22:00:16 GMT" time="4.041" errors="0">
  <testcase name="TestResponseCode" time="3.157" classname="Somnath.kadam.RestSample"/>
  <testcase name="TestStringData" time="0.884" classname="Somnath.kadam.RestSample"/>
</testsuite> <!-- Somnath.kadam.RestSample -->
