<?xml version="1.0" encoding="UTF-8"?>
<!-- Generated by org.testng.reporters.JUnitReportReporter -->
<testsuite skipped="0" hostname="LAP0002280" name="com.interbanking.testCases.TC_AddCustomerTest_003" tests="1" failures="0" timestamp="10 May 2019 11:37:36 GMT" time="17.787" errors="0">
  <testcase name="addNewCustomer" time="17.787" classname="com.interbanking.testCases.TC_AddCustomerTest_003"/>
</testsuite> <!-- com.interbanking.testCases.TC_AddCustomerTest_003 -->
